INFO 2023-03-13 10:10:36,359 Watching for file changes with StatReloader
INFO 2023-03-13 10:10:42,662 "GET / HTTP/1.1" 302 0
INFO 2023-03-13 10:10:42,673 "GET /accounts/login/?next=/ HTTP/1.1" 200 3983
INFO 2023-03-13 10:10:42,728 "GET /static/plugins/fontawesome-free/css/all.min.css HTTP/1.1" 200 58578
INFO 2023-03-13 10:10:42,735 "GET /static/dist/js/jquery.formset.js HTTP/1.1" 200 13632
INFO 2023-03-13 10:10:42,735 "GET /static/plugins/toastr/toastr.min.css HTTP/1.1" 200 6454
INFO 2023-03-13 10:10:42,736 "GET /static/plugins/overlayScrollbars/css/OverlayScrollbars.min.css HTTP/1.1" 200 19724
INFO 2023-03-13 10:10:42,738 "GET /static/dist/css/login-page.css HTTP/1.1" 200 8610
INFO 2023-03-13 10:10:42,739 "GET /static/plugins/bootstrap/js/bootstrap.bundle.min.js HTTP/1.1" 200 80698
INFO 2023-03-13 10:10:42,743 "GET /static/plugins/jquery/jquery.min.js HTTP/1.1" 200 88145
INFO 2023-03-13 10:10:42,743 "GET /static/dist/css/adminlte.min.css HTTP/1.1" 200 686707
INFO 2023-03-13 10:10:42,743 "GET /static/plugins/overlayScrollbars/js/jquery.overlayScrollbars.min.js HTTP/1.1" 200 42383
INFO 2023-03-13 10:10:42,750 "GET /static/dist/js/demo.js HTTP/1.1" 200 12616
INFO 2023-03-13 10:10:42,751 "GET /static/dist/js/adminlte.js HTTP/1.1" 200 57530
INFO 2023-03-13 10:10:42,751 "GET /static/dist/img/login.png HTTP/1.1" 200 144918
INFO 2023-03-13 10:10:43,092 "GET /static/plugins/fontawesome-free/webfonts/fa-solid-900.woff2 HTTP/1.1" 200 79444
WARNING 2023-03-13 10:10:43,221 Not Found: /favicon.ico
WARNING 2023-03-13 10:10:43,221 "GET /favicon.ico HTTP/1.1" 404 6202
INFO 2023-03-13 10:10:46,479 "POST /accounts/login/ HTTP/1.1" 302 0
INFO 2023-03-13 10:10:46,493 "GET / HTTP/1.1" 200 9253
INFO 2023-03-13 10:10:46,547 "GET /static/plugins/Datatables/datatables.min.css HTTP/1.1" 200 25780
INFO 2023-03-13 10:10:46,551 "GET /static/plugins/Datatables/datatables.min.js HTTP/1.1" 200 2042446
INFO 2023-03-13 10:10:46,689 "GET /static/plugins/fontawesome-free/webfonts/fa-regular-400.woff2 HTTP/1.1" 200 13584
INFO 2023-03-13 10:10:56,100 "GET /student/list HTTP/1.1" 200 10532
INFO 2023-03-13 10:10:57,784 "GET /staff/list/ HTTP/1.1" 200 10103
INFO 2023-03-13 10:10:59,346 "GET /finance/list/ HTTP/1.1" 200 9927
INFO 2023-03-13 10:11:01,066 "GET /result/create/ HTTP/1.1" 200 10757
INFO 2023-03-13 10:11:02,563 "GET /result/edit-results/ HTTP/1.1" 200 10106
INFO 2023-03-13 10:11:03,873 "GET /result/view/all HTTP/1.1" 200 8836
INFO 2023-03-13 10:11:05,675 "GET /session/list/ HTTP/1.1" 200 12286
INFO 2023-03-13 10:11:08,315 "GET /term/list/ HTTP/1.1" 200 12569
INFO 2023-03-13 10:11:14,971 "GET /subject/list/ HTTP/1.1" 200 12412
INFO 2023-03-13 10:11:56,494 "GET /subject/list/ HTTP/1.1" 200 12412
INFO 2023-03-13 17:02:45,857 Watching for file changes with StatReloader
INFO 2023-03-13 17:02:47,733 "GET / HTTP/1.1" 302 0
INFO 2023-03-13 17:02:47,743 "GET /accounts/login/?next=/ HTTP/1.1" 200 3983
INFO 2023-03-13 17:02:47,812 "GET /static/dist/css/adminlte.min.css HTTP/1.1" 200 686707
WARNING 2023-03-13 17:02:48,095 Not Found: /favicon.ico
WARNING 2023-03-13 17:02:48,095 "GET /favicon.ico HTTP/1.1" 404 6202
INFO 2023-03-13 17:02:49,760 "POST /accounts/login/ HTTP/1.1" 302 0
INFO 2023-03-13 17:02:49,773 "GET / HTTP/1.1" 200 9253
INFO 2023-03-13 17:02:49,828 "GET /static/plugins/Datatables/datatables.min.js HTTP/1.1" 200 2042446
INFO 2023-03-13 17:03:07,817 "GET /student/list HTTP/1.1" 200 10532
INFO 2023-03-13 17:03:17,740 "GET /student/2/ HTTP/1.1" 200 11193
INFO 2023-03-13 17:03:17,757 "GET /static/dist/img/avatar.png HTTP/1.1" 200 8543
INFO 2023-03-13 17:03:20,919 "GET /student/list HTTP/1.1" 200 10532
INFO 2023-03-13 17:03:29,470 "GET /accounts/logout/ HTTP/1.1" 302 0
INFO 2023-03-13 17:03:29,481 "GET / HTTP/1.1" 302 0
INFO 2023-03-13 17:03:29,539 "GET /accounts/login/?next=/ HTTP/1.1" 200 3983
INFO 2023-03-13 17:04:15,599 "POST /accounts/login/ HTTP/1.1" 302 0
INFO 2023-03-13 17:04:15,611 "GET / HTTP/1.1" 200 9253
INFO 2023-03-13 17:04:18,584 "GET /student/list HTTP/1.1" 200 10532
INFO 2023-03-13 17:04:21,898 "GET /staff/list/ HTTP/1.1" 200 10103
INFO 2023-03-13 17:04:24,686 "GET /finance/list/ HTTP/1.1" 200 9927
INFO 2023-03-13 17:04:26,829 "GET /result/create/ HTTP/1.1" 200 10757
INFO 2023-03-13 17:04:28,492 "GET /result/edit-results/ HTTP/1.1" 200 10106
INFO 2023-03-13 17:04:30,457 "GET /result/view/all HTTP/1.1" 200 8836
INFO 2023-03-13 17:04:31,789 "GET /session/list/ HTTP/1.1" 200 12286
INFO 2023-03-13 17:04:34,672 "GET /term/list/ HTTP/1.1" 200 12569
INFO 2023-03-13 17:04:37,864 "GET /subject/list/ HTTP/1.1" 200 12412
INFO 2023-03-13 17:04:45,394 "GET /subject/list/ HTTP/1.1" 200 12412
INFO 2023-03-13 17:04:47,448 "GET /class/list/ HTTP/1.1" 200 11412
INFO 2023-03-13 17:05:01,459 "GET /class/list/ HTTP/1.1" 200 11412
INFO 2023-03-13 17:05:09,753 "POST /class/create/ HTTP/1.1" 302 0
INFO 2023-03-13 17:05:09,777 "GET /class/list/ HTTP/1.1" 200 11833
INFO 2023-03-13 17:05:13,305 "GET /session/list/ HTTP/1.1" 200 12286
INFO 2023-03-13 17:05:15,889 "GET /subject/list/ HTTP/1.1" 200 12412
INFO 2023-03-13 17:05:22,860 "POST /subject/create/ HTTP/1.1" 302 0
INFO 2023-03-13 17:05:22,884 "GET /subject/list/ HTTP/1.1" 200 12865
INFO 2023-03-13 17:05:26,443 "GET /subject/8/delete/ HTTP/1.1" 200 10033
INFO 2023-03-13 17:05:27,545 "POST /subject/8/delete/ HTTP/1.1" 302 0
INFO 2023-03-13 17:05:27,567 "GET /subject/list/ HTTP/1.1" 200 12616
INFO 2023-03-13 17:05:32,538 "GET /student/list HTTP/1.1" 200 10532
